This file contains any messages produced by compilers while
running configure, to aid debugging if configure makes a mistake.

configure:539: checking for gcc
configure:616: checking whether the C compiler (gcc  ) works
configure:630: gcc -o conftest    conftest.c  1>&5 && (ls -l conftest | grep x) >/dev/null 2>&1
configure:650: checking whether the C compiler (gcc  ) is a cross-compiler
configure:655: checking whether we are using GNU C
configure:679: checking whether gcc accepts -g
configure:736: checking for a BSD compatible install
configure:786: checking whether make sets ${MAKE}
configure:818: checking for dirent.h that defines DIR
configure:856: checking for opendir in -ldir
configure:939: checking how to run the C preprocessor
configure:1000: checking for ANSI C header files
configure:1104: checking whether closedir returns void
configure:1145: checking for assert.h
configure:1145: checking for float.h
configure:1145: checking for limits.h
configure:1145: checking for memory.h
configure:1145: checking for pwd.h
configure:1145: checking for stdlib.h
configure:1145: checking for string.h
configure:1145: checking for sys/param.h
configure:1145: checking for unistd.h
configure:1187: checking for ranlib
configure:1220: checking host system type
configure:1244: checking for libtool object types
configure:1293: checking for basename
configure:1293: checking for putenv
configure:1293: checking for strcasecmp
configure:1293: checking for strtol
configure:1293: checking for strstr
configure:1351: checking for bcopy
configure:1351: checking for getwd
configure:1405: checking for working const
configure:1482: checking whether program_invocation_name is predefined
configure:1518: checking whether putenv uses malloc
